This file contains any messages produced by compilers while
running configure, to aid debugging if configure makes a mistake.

It was created by utilizando_autotools configure 0.1, which was
generated by GNU Autoconf 2.71.  Invocation command line was

  $ ./configure

## --------- ##
## Platform. ##
## --------- ##

hostname = andre-VirtualBox
uname -m = x86_64
uname -r = 5.19.0-41-generic
uname -s = Linux
uname -v = #42~22.04.1-Ubuntu SMP PREEMPT_DYNAMIC Tue Apr 18 17:40:00 UTC 2

/usr/bin/uname -p = x86_64
/bin/uname -X     = unknown

/bin/arch              = x86_64
/usr/bin/arch -k       = unknown
/usr/convex/getsysinfo = unknown
/usr/bin/hostinfo      = unknown
/bin/machine           = unknown
/usr/bin/oslevel       = unknown
/bin/universe          = unknown

PATH: /usr/local/sbin/
PATH: /usr/local/bin/
PATH: /usr/sbin/
PATH: /usr/bin/
PATH: /sbin/
PATH: /bin/
PATH: /usr/games/
PATH: /usr/local/games/
PATH: /snap/bin/
PATH: /snap/bin/


## ----------- ##
## Core tests. ##
## ----------- ##

configure:2099: looking for aux files: compile missing install-sh
configure:2112:  trying ./
configure:2141:   ./compile found
configure:2141:   ./missing found
configure:2123:   ./install-sh found
configure:2275: checking for a BSD-compatible install
configure:2348: result: /usr/bin/install -c
configure:2359: checking whether build environment is sane
configure:2414: result: yes
configure:2573: checking for a race-free mkdir -p
configure:2617: result: /usr/bin/mkdir -p
configure:2624: checking for gawk
configure:2659: result: no
configure:2624: checking for mawk
configure:2645: found /usr/bin/mawk
configure:2656: result: mawk
configure:2667: checking whether make sets $(MAKE)
configure:2690: result: yes
configure:2720: checking whether make supports nested variables
configure:2738: result: yes
configure:2937: checking for gcc
configure:2958: found /usr/bin/gcc
configure:2969: result: gcc
configure:3322: checking for C compiler version
configure:3331: gcc --version >&5
gcc (Ubuntu 11.3.0-1ubuntu1~22.04) 11.3.0
Copyright (C) 2021 Free Software Foundation, Inc.
This is free software; see the source for copying conditions.  There is NO
warranty; not even for MERCHANTABILITY or FITNESS FOR A PARTICULAR PURPOSE.

configure:3342: $? = 0
configure:3331: gcc -v >&5
Using built-in specs.
COLLECT_GCC=gcc
COLLECT_LTO_WRAPPER=/usr/lib/gcc/x86_64-linux-gnu/11/lto-wrapper
OFFLOAD_TARGET_NAMES=nvptx-none:amdgcn-amdhsa
OFFLOAD_TARGET_DEFAULT=1
Target: x86_64-linux-gnu
Configured with: ../src/configure -v --with-pkgversion='Ubuntu 11.3.0-1ubuntu1~22.04' --with-bugurl=file:///usr/share/doc/gcc-11/README.Bugs --enable-languages=c,ada,c++,go,brig,d,fortran,objc,obj-c++,m2 --prefix=/usr --with-gcc-major-version-only --program-suffix=-11 --program-prefix=x86_64-linux-gnu- --enable-shared --enable-linker-build-id --libexecdir=/usr/lib --without-included-gettext --enable-threads=posix --libdir=/usr/lib --enable-nls --enable-bootstrap --enable-clocale=gnu --enable-libstdcxx-debug --enable-libstdcxx-time=yes --with-default-libstdcxx-abi=new --enable-gnu-unique-object --disable-vtable-verify --enable-plugin --enable-default-pie --with-system-zlib --enable-libphobos-checking=release --with-target-system-zlib=auto --enable-objc-gc=auto --enable-multiarch --disable-werror --enable-cet --with-arch-32=i686 --with-abi=m64 --with-multilib-list=m32,m64,mx32 --enable-multilib --with-tune=generic --enable-offload-targets=nvptx-none=/build/gcc-11-xKiWfi/gcc-11-11.3.0/debian/tmp-nvptx/usr,amdgcn-amdhsa=/build/gcc-11-xKiWfi/gcc-11-11.3.0/debian/tmp-gcn/usr --without-cuda-driver --enable-checking=release --build=x86_64-linux-gnu --host=x86_64-linux-gnu --target=x86_64-linux-gnu --with-build-config=bootstrap-lto-lean --enable-link-serialization=2
Thread model: posix
Supported LTO compression algorithms: zlib zstd
gcc version 11.3.0 (Ubuntu 11.3.0-1ubuntu1~22.04) 
... rest of stderr output deleted ...
configure:3342: $? = 0
configure:3331: gcc -V >&5
gcc: error: unrecognized command-line option '-V'
gcc: fatal error: no input files
compilation terminated.
configure:3342: $? = 1
configure:3331: gcc -qversion >&5
gcc: error: unrecognized command-line option '-qversion'; did you mean '--version'?
gcc: fatal error: no input files
compilation terminated.
configure:3342: $? = 1
configure:3331: gcc -version >&5
gcc: error: unrecognized command-line option '-version'
gcc: fatal error: no input files
compilation terminated.
configure:3342: $? = 1
configure:3362: checking whether the C compiler works
configure:3384: gcc    conftest.c  >&5
configure:3388: $? = 0
configure:3438: result: yes
configure:3441: checking for C compiler default output file name
configure:3443: result: a.out
configure:3449: checking for suffix of executables
configure:3456: gcc -o conftest    conftest.c  >&5
configure:3460: $? = 0
configure:3483: result: 
configure:3505: checking whether we are cross compiling
configure:3513: gcc -o conftest    conftest.c  >&5
configure:3517: $? = 0
configure:3524: ./conftest
configure:3528: $? = 0
configure:3543: result: no
configure:3548: checking for suffix of object files
configure:3571: gcc -c   conftest.c >&5
configure:3575: $? = 0
configure:3597: result: o
configure:3601: checking whether the compiler supports GNU C
configure:3621: gcc -c   conftest.c >&5
configure:3621: $? = 0
configure:3631: result: yes
configure:3642: checking whether gcc accepts -g
configure:3663: gcc -c -g  conftest.c >&5
configure:3663: $? = 0
configure:3707: result: yes
configure:3727: checking for gcc option to enable C11 features
configure:3742: gcc  -c -g -O2  conftest.c >&5
configure:3742: $? = 0
configure:3760: result: none needed
configure:3876: checking whether gcc understands -c and -o together
configure:3899: gcc -c conftest.c -o conftest2.o
configure:3902: $? = 0
configure:3899: gcc -c conftest.c -o conftest2.o
configure:3902: $? = 0
configure:3914: result: yes
configure:3934: checking whether make supports the include directive
configure:3949: make -f confmf.GNU && cat confinc.out
this is the am__doit target
configure:3952: $? = 0
configure:3971: result: yes (GNU style)
configure:3997: checking dependency style of gcc
configure:4109: result: gcc3
configure:4228: checking that generated files are newer than configure
configure:4234: result: done
configure:4257: creating ./config.status

## ---------------------- ##
## Running config.status. ##
## ---------------------- ##

This file was extended by utilizando_autotools config.status 0.1, which was
generated by GNU Autoconf 2.71.  Invocation command line was

  CONFIG_FILES    = 
  CONFIG_HEADERS  = 
  CONFIG_LINKS    = 
  CONFIG_COMMANDS = 
  $ ./config.status 

on andre-VirtualBox

config.status:836: creating Makefile
config.status:836: creating include/calcula.h
config.status:1017: include/calcula.h is unchanged
config.status:1065: executing depfiles commands
config.status:1142: cd .       && sed -e '/# am--include-marker/d' Makefile         | make -f - am--depfiles
make: Nothing to be done for 'am--depfiles'.
config.status:1147: $? = 0

## ---------------- ##
## Cache variables. ##
## ---------------- ##

ac_cv_c_compiler_gnu=yes
ac_cv_env_CC_set=
ac_cv_env_CC_value=
ac_cv_env_CFLAGS_set=
ac_cv_env_CFLAGS_value=
ac_cv_env_CPPFLAGS_set=
ac_cv_env_CPPFLAGS_value=
ac_cv_env_LDFLAGS_set=
ac_cv_env_LDFLAGS_value=
ac_cv_env_LIBS_set=
ac_cv_env_LIBS_value=
ac_cv_env_build_alias_set=
ac_cv_env_build_alias_value=
ac_cv_env_host_alias_set=
ac_cv_env_host_alias_value=
ac_cv_env_target_alias_set=
ac_cv_env_target_alias_value=
ac_cv_objext=o
ac_cv_path_install='/usr/bin/install -c'
ac_cv_path_mkdir=/usr/bin/mkdir
ac_cv_prog_AWK=mawk
ac_cv_prog_ac_ct_CC=gcc
ac_cv_prog_cc_c11=
ac_cv_prog_cc_g=yes
ac_cv_prog_cc_stdc=
ac_cv_prog_make_make_set=yes
am_cv_CC_dependencies_compiler_type=gcc3
am_cv_make_support_nested_variables=yes
am_cv_prog_cc_c_o=yes

## ----------------- ##
## Output variables. ##
## ----------------- ##

ACLOCAL='${SHELL} '\''/home/andre/Downloads/Aula_02/Codigos/Makefiles/Desafios/Desafio_abordagem_2/missing'\'' aclocal-1.16'
AMDEPBACKSLASH='\'
AMDEP_FALSE='#'
AMDEP_TRUE=''
AMTAR='$${TAR-tar}'
AM_BACKSLASH='\'
AM_DEFAULT_V='$(AM_DEFAULT_VERBOSITY)'
AM_DEFAULT_VERBOSITY='1'
AM_V='$(V)'
AUTOCONF='${SHELL} '\''/home/andre/Downloads/Aula_02/Codigos/Makefiles/Desafios/Desafio_abordagem_2/missing'\'' autoconf'
AUTOHEADER='${SHELL} '\''/home/andre/Downloads/Aula_02/Codigos/Makefiles/Desafios/Desafio_abordagem_2/missing'\'' autoheader'
AUTOMAKE='${SHELL} '\''/home/andre/Downloads/Aula_02/Codigos/Makefiles/Desafios/Desafio_abordagem_2/missing'\'' automake-1.16'
AWK='mawk'
CC='gcc'
CCDEPMODE='depmode=gcc3'
CFLAGS='-g -O2'
CPPFLAGS=''
CSCOPE='cscope'
CTAGS='ctags'
CYGPATH_W='echo'
DEFS='-DHAVE_CONFIG_H'
DEPDIR='.deps'
ECHO_C=''
ECHO_N='-n'
ECHO_T=''
ETAGS='etags'
EXEEXT=''
INSTALL_DATA='${INSTALL} -m 644'
INSTALL_PROGRAM='${INSTALL}'
INSTALL_SCRIPT='${INSTALL}'
INSTALL_STRIP_PROGRAM='$(install_sh) -c -s'
LDFLAGS=''
LIBOBJS=''
LIBS=''
LTLIBOBJS=''
MAKEINFO='${SHELL} '\''/home/andre/Downloads/Aula_02/Codigos/Makefiles/Desafios/Desafio_abordagem_2/missing'\'' makeinfo'
MKDIR_P='/usr/bin/mkdir -p'
OBJEXT='o'
PACKAGE='utilizando_autotools'
PACKAGE_BUGREPORT='andrekarine.medeiros@ee.ufcg.edu.br'
PACKAGE_NAME='utilizando_autotools'
PACKAGE_STRING='utilizando_autotools 0.1'
PACKAGE_TARNAME='utilizando_autotools'
PACKAGE_URL=''
PACKAGE_VERSION='0.1'
PATH_SEPARATOR=':'
SET_MAKE=''
SHELL='/bin/bash'
STRIP=''
VERSION='0.1'
ac_ct_CC='gcc'
am__EXEEXT_FALSE=''
am__EXEEXT_TRUE='#'
am__fastdepCC_FALSE='#'
am__fastdepCC_TRUE=''
am__include='include'
am__isrc=''
am__leading_dot='.'
am__nodep='_no'
am__quote=''
am__tar='$${TAR-tar} chof - "$$tardir"'
am__untar='$${TAR-tar} xf -'
bindir='${exec_prefix}/bin'
build_alias=''
datadir='${datarootdir}'
datarootdir='${prefix}/share'
docdir='${datarootdir}/doc/${PACKAGE_TARNAME}'
dvidir='${docdir}'
exec_prefix='${prefix}'
host_alias=''
htmldir='${docdir}'
includedir='${prefix}/include'
infodir='${datarootdir}/info'
install_sh='${SHELL} /home/andre/Downloads/Aula_02/Codigos/Makefiles/Desafios/Desafio_abordagem_2/install-sh'
libdir='${exec_prefix}/lib'
libexecdir='${exec_prefix}/libexec'
localedir='${datarootdir}/locale'
localstatedir='${prefix}/var'
mandir='${datarootdir}/man'
mkdir_p='$(MKDIR_P)'
oldincludedir='/usr/include'
pdfdir='${docdir}'
prefix='/usr/local'
program_transform_name='s,x,x,'
psdir='${docdir}'
runstatedir='${localstatedir}/run'
sbindir='${exec_prefix}/sbin'
sharedstatedir='${prefix}/com'
sysconfdir='${prefix}/etc'
target_alias=''

## ----------- ##
## confdefs.h. ##
## ----------- ##

/* confdefs.h */
#define PACKAGE_NAME "utilizando_autotools"
#define PACKAGE_TARNAME "utilizando_autotools"
#define PACKAGE_VERSION "0.1"
#define PACKAGE_STRING "utilizando_autotools 0.1"
#define PACKAGE_BUGREPORT "andrekarine.medeiros@ee.ufcg.edu.br"
#define PACKAGE_URL ""
#define PACKAGE "utilizando_autotools"
#define VERSION "0.1"

configure: exit 0
